# JRE version: OpenJDK Runtime Environment Temurin-17.0.7+7 (17.0.7+7) (build 17.0.7+7)
# Java VM: OpenJDK 64-Bit Server VM Temurin-17.0.7+7 (17.0.7+7, mixed mode, sharing, tiered, compressed oops, compressed class ptrs, g1 gc, windows-amd64)
GC Precious Log:
 CPUs: 4 total, 4 available
 Memory: 7973M
 Large Page Support: Disabled
 NUMA Support: Disabled
 Compressed Oops: Enabled (Zero based)
 Heap Region Size: 2M
 Heap Min Capacity: 512M
 Heap Initial Capacity: 512M
 Heap Max Capacity: 4072M
 Pre-touch: Disabled
 Parallel Workers: 4
 Concurrent Workers: 1
 Concurrent Refinement Workers: 4
 Periodic GC: Disabled
 String Deduplication is enabled
Heap:
 garbage-first heap   total 524288K, used 144023K [0x0000000701800000, 0x0000000800000000)
  region size 2048K, 7 young (14336K), 1 survivors (2048K)
 Metaspace       used 86688K, committed 87488K, reserved 1179648K
  class space    used 12050K, committed 12480K, reserved 1048576K
GC Heap History (20 events):
Event: 551.555 GC heap before
{Heap before GC invocations=78 (full 6):
 garbage-first heap   total 524288K, used 211209K [0x0000000701800000, 0x0000000800000000)
  region size 2048K, 40 young (81920K), 2 survivors (4096K)
 Metaspace       used 86378K, committed 87104K, reserved 1179648K
  class space    used 12036K, committed 12416K, reserved 1048576K
}
Event: 551.560 GC heap after
{Heap after GC invocations=79 (full 6):
 garbage-first heap   total 524288K, used 133764K [0x0000000701800000, 0x0000000800000000)
  region size 2048K, 2 young (4096K), 2 survivors (4096K)
 Metaspace       used 86378K, committed 87104K, reserved 1179648K
  class space    used 12036K, committed 12416K, reserved 1048576K
}
Event: 554.002 GC heap before
{Heap before GC invocations=79 (full 6):
 garbage-first heap   total 524288K, used 211588K [0x0000000701800000, 0x0000000800000000)
  region size 2048K, 40 young (81920K), 2 survivors (4096K)
 Metaspace       used 86387K, committed 87104K, reserved 1179648K
  class space    used 12036K, committed 12416K, reserved 1048576K
}
Event: 554.006 GC heap after
{Heap after GC invocations=80 (full 6):
 garbage-first heap   total 524288K, used 134112K [0x0000000701800000, 0x0000000800000000)
  region size 2048K, 2 young (4096K), 2 survivors (4096K)
 Metaspace       used 86387K, committed 87104K, reserved 1179648K
  class space    used 12036K, committed 12416K, reserved 1048576K
}
Event: 556.757 GC heap before
{Heap before GC invocations=80 (full 6):
 garbage-first heap   total 524288K, used 211936K [0x0000000701800000, 0x0000000800000000)
  region size 2048K, 40 young (81920K), 2 survivors (4096K)
 Metaspace       used 86410K, committed 87168K, reserved 1179648K
  class space    used 12036K, committed 12416K, reserved 1048576K
}
Event: 556.760 GC heap after
{Heap after GC invocations=81 (full 6):
 garbage-first heap   total 524288K, used 134111K [0x0000000701800000, 0x0000000800000000)
  region size 2048K, 2 young (4096K), 2 survivors (4096K)
 Metaspace       used 86410K, committed 87168K, reserved 1179648K
  class space    used 12036K, committed 12416K, reserved 1048576K
}
Event: 562.656 GC heap before
{Heap before GC invocations=81 (full 6):
 garbage-first heap   total 524288K, used 211935K [0x0000000701800000, 0x0000000800000000)
  region size 2048K, 40 young (81920K), 2 survivors (4096K)
 Metaspace       used 86443K, committed 87168K, reserved 1179648K
  class space    used 12036K, committed 12416K, reserved 1048576K
}
Event: 562.660 GC heap after
{Heap after GC invocations=82 (full 6):
 garbage-first heap   total 524288K, used 134301K [0x0000000701800000, 0x0000000800000000)
  region size 2048K, 2 young (4096K), 2 survivors (4096K)
 Metaspace       used 86443K, committed 87168K, reserved 1179648K
  class space    used 12036K, committed 12416K, reserved 1048576K
}
Event: 572.419 GC heap before
{Heap before GC invocations=82 (full 6):
 garbage-first heap   total 524288K, used 212125K [0x0000000701800000, 0x0000000800000000)
  region size 2048K, 40 young (81920K), 2 survivors (4096K)
 Metaspace       used 86466K, committed 87232K, reserved 1179648K
  class space    used 12036K, committed 12416K, reserved 1048576K
}
Event: 572.423 GC heap after
{Heap after GC invocations=83 (full 6):
 garbage-first heap   total 524288K, used 133787K [0x0000000701800000, 0x0000000800000000)
  region size 2048K, 1 young (2048K), 1 survivors (2048K)
 Metaspace       used 86466K, committed 87232K, reserved 1179648K
  class space    used 12036K, committed 12416K, reserved 1048576K
}
Event: 579.658 GC heap before
{Heap before GC invocations=83 (full 6):
 garbage-first heap   total 524288K, used 213659K [0x0000000701800000, 0x0000000800000000)
  region size 2048K, 40 young (81920K), 1 survivors (2048K)
 Metaspace       used 86487K, committed 87232K, reserved 1179648K
  class space    used 12036K, committed 12416K, reserved 1048576K
}
Event: 579.662 GC heap after
{Heap after GC invocations=84 (full 6):
 garbage-first heap   total 524288K, used 133646K [0x0000000701800000, 0x0000000800000000)
  region size 2048K, 1 young (2048K), 1 survivors (2048K)
 Metaspace       used 86487K, committed 87232K, reserved 1179648K
  class space    used 12036K, committed 12416K, reserved 1048576K
}
Event: 587.214 GC heap before
{Heap before GC invocations=84 (full 6):
 garbage-first heap   total 524288K, used 213518K [0x0000000701800000, 0x0000000800000000)
  region size 2048K, 40 young (81920K), 1 survivors (2048K)
 Metaspace       used 86514K, committed 87232K, reserved 1179648K
  class space    used 12036K, committed 12416K, reserved 1048576K
}
Event: 587.217 GC heap after
{Heap after GC invocations=85 (full 6):
 garbage-first heap   total 524288K, used 133619K [0x0000000701800000, 0x0000000800000000)
  region size 2048K, 1 young (2048K), 1 survivors (2048K)
 Metaspace       used 86514K, committed 87232K, reserved 1179648K
  class space    used 12036K, committed 12416K, reserved 1048576K
}
Event: 604.576 GC heap before
{Heap before GC invocations=85 (full 6):
 garbage-first heap   total 524288K, used 213491K [0x0000000701800000, 0x0000000800000000)
  region size 2048K, 40 young (81920K), 1 survivors (2048K)
 Metaspace       used 86567K, committed 87296K, reserved 1179648K
  class space    used 12038K, committed 12416K, reserved 1048576K
}
Event: 604.579 GC heap after
{Heap after GC invocations=86 (full 6):
 garbage-first heap   total 524288K, used 133594K [0x0000000701800000, 0x0000000800000000)
  region size 2048K, 1 young (2048K), 1 survivors (2048K)
 Metaspace       used 86567K, committed 87296K, reserved 1179648K
  class space    used 12038K, committed 12416K, reserved 1048576K
}
Event: 608.436 GC heap before
{Heap before GC invocations=86 (full 6):
 garbage-first heap   total 524288K, used 213466K [0x0000000701800000, 0x0000000800000000)
  region size 2048K, 40 young (81920K), 1 survivors (2048K)
 Metaspace       used 86580K, committed 87296K, reserved 1179648K
  class space    used 12038K, committed 12416K, reserved 1048576K
}
Event: 608.440 GC heap after
{Heap after GC invocations=87 (full 6):
 garbage-first heap   total 524288K, used 133712K [0x0000000701800000, 0x0000000800000000)
  region size 2048K, 1 young (2048K), 1 survivors (2048K)
 Metaspace       used 86580K, committed 87296K, reserved 1179648K
  class space    used 12038K, committed 12416K, reserved 1048576K
}
Event: 610.920 GC heap before
{Heap before GC invocations=87 (full 6):
 garbage-first heap   total 524288K, used 213584K [0x0000000701800000, 0x0000000800000000)
  region size 2048K, 40 young (81920K), 1 survivors (2048K)
 Metaspace       used 86664K, committed 87424K, reserved 1179648K
  class space    used 12048K, committed 12480K, reserved 1048576K
}
Event: 610.924 GC heap after
{Heap after GC invocations=88 (full 6):
 garbage-first heap   total 524288K, used 133783K [0x0000000701800000, 0x0000000800000000)
  region size 2048K, 1 young (2048K), 1 survivors (2048K)
 Metaspace       used 86664K, committed 87424K, reserved 1179648K
  class space    used 12048K, committed 12480K, reserved 1048576K
}

